22:21:04 **** Incremental Build of configuration Debug for project Lab1 ****
make -j16 all 
arm-none-eabi-gcc "../Core/Src/lab1.c" -mcpu=cortex-m4 -std=gnu11 -g3 -DDEBUG -DUSE_HAL_DRIVER -DSTM32F407xx -c -I../Core/Inc -I../Drivers/STM32F4xx_HAL_Driver/Inc -I../Drivers/STM32F4xx_HAL_Driver/Inc/Legacy -I../Drivers/CMSIS/Device/ST/STM32F4xx/Include -I../Drivers/CMSIS/Include -O0 -ffunction-sections -fdata-sections -Wall -fstack-usage -fcyclomatic-complexity -MMD -MP -MF"Core/Src/lab1.d" -MT"Core/Src/lab1.o" --specs=nano.specs -mfpu=fpv4-sp-d16 -mfloat-abi=hard -mthumb -o "Core/Src/lab1.o"
In file included from ../Core/Src/lab1.c:7:
../Core/Inc/lab1.h: In function 'system_init':
../Core/Inc/lab1.h:50:11: warning: implicit declaration of function 'led7_init' [-Wimplicit-function-declaration]
   50 |           led7_init();
      |           ^~~~~~~~~
../Core/Src/lab1.c: In function 'ex_4_chapter_2_handle':
../Core/Src/lab1.c:197:9: warning: implicit declaration of function 'clearAllClock' [-Wimplicit-function-declaration]
  197 |         clearAllClock();
      |         ^~~~~~~~~~~~~
../Core/Src/lab1.c:213:5: warning: implicit declaration of function 'led7_SetDigit' [-Wimplicit-function-declaration]
  213 |     led7_SetDigit(hour / 10, 0, 0);
      |     ^~~~~~~~~~~~~
arm-none-eabi-gcc -o "Lab1.elf" @"objects.list"   -mcpu=cortex-m4 -T"D:\university\Senior\Embedded System\Labs\Lab1\STM32F407ZGTX_FLASH.ld" --specs=nosys.specs -Wl,-Map="Lab1.map" -Wl,--gc-sections -static --specs=nano.specs -mfpu=fpv4-sp-d16 -mfloat-abi=hard -mthumb -Wl,--start-group -lc -lm -Wl,--end-group
D:/ST/STM32CubeIDE_1.13.2/STM32CubeIDE/plugins/com.st.stm32cube.ide.mcu.externaltools.gnu-tools-for-stm32.11.3.rel1.win32_1.1.1.202309131626/tools/bin/../lib/gcc/arm-none-eabi/11.3.1/../../../../arm-none-eabi/bin/ld.exe: ./Core/Src/lab1.o: in function `ex_4_chapter_2_handle':
D:/university/Senior/Embedded System/Labs/Lab1/Debug/../Core/Src/lab1.c:197: undefined reference to `clearAllClock'
collect2.exe: error: ld returned 1 exit status
make: *** [makefile:64: Lab1.elf] Error 1
"make -j16 all" terminated with exit code 2. Build might be incomplete.

22:21:05 Build Failed. 3 errors, 3 warnings. (took 1s.486ms)

